C:\Users\Naqiya\Desktop\SportsStore   Final Submit\SportsStore (1)\SportsStore\dist\out-tsc\app\errorHandler.service.js
C:\Users\Naqiya\Desktop\SportsStore   Final Submit\SportsStore (1)\SportsStore\dist\out-tsc\app\errorHandler.service.js.map
C:\Users\Naqiya\Desktop\SportsStore   Final Submit\SportsStore (1)\SportsStore\dist\out-tsc\app\app.component.js
C:\Users\Naqiya\Desktop\SportsStore   Final Submit\SportsStore (1)\SportsStore\dist\out-tsc\app\app.component.js.map
C:\Users\Naqiya\Desktop\SportsStore   Final Submit\SportsStore (1)\SportsStore\dist\out-tsc\app\models\supplier.model.js
C:\Users\Naqiya\Desktop\SportsStore   Final Submit\SportsStore (1)\SportsStore\dist\out-tsc\app\models\supplier.model.js.map
C:\Users\Naqiya\Desktop\SportsStore   Final Submit\SportsStore (1)\SportsStore\dist\out-tsc\app\models\rating.model.js
C:\Users\Naqiya\Desktop\SportsStore   Final Submit\SportsStore (1)\SportsStore\dist\out-tsc\app\models\rating.model.js.map
C:\Users\Naqiya\Desktop\SportsStore   Final Submit\SportsStore (1)\SportsStore\dist\out-tsc\app\models\product.model.js
C:\Users\Naqiya\Desktop\SportsStore   Final Submit\SportsStore (1)\SportsStore\dist\out-tsc\app\models\product.model.js.map
C:\Users\Naqiya\Desktop\SportsStore   Final Submit\SportsStore (1)\SportsStore\dist\out-tsc\app\models\configClasses.repository.js
C:\Users\Naqiya\Desktop\SportsStore   Final Submit\SportsStore (1)\SportsStore\dist\out-tsc\app\models\configClasses.repository.js.map
C:\Users\Naqiya\Desktop\SportsStore   Final Submit\SportsStore (1)\SportsStore\dist\out-tsc\app\models\cart.model.js
C:\Users\Naqiya\Desktop\SportsStore   Final Submit\SportsStore (1)\SportsStore\dist\out-tsc\app\models\cart.model.js.map
C:\Users\Naqiya\Desktop\SportsStore   Final Submit\SportsStore (1)\SportsStore\dist\out-tsc\app\models\order.model.js
C:\Users\Naqiya\Desktop\SportsStore   Final Submit\SportsStore (1)\SportsStore\dist\out-tsc\app\models\order.model.js.map
C:\Users\Naqiya\Desktop\SportsStore   Final Submit\SportsStore (1)\SportsStore\dist\out-tsc\app\models\repository.js
C:\Users\Naqiya\Desktop\SportsStore   Final Submit\SportsStore (1)\SportsStore\dist\out-tsc\app\models\repository.js.map
C:\Users\Naqiya\Desktop\SportsStore   Final Submit\SportsStore (1)\SportsStore\dist\out-tsc\app\models\model.module.js
C:\Users\Naqiya\Desktop\SportsStore   Final Submit\SportsStore (1)\SportsStore\dist\out-tsc\app\models\model.module.js.map
C:\Users\Naqiya\Desktop\SportsStore   Final Submit\SportsStore (1)\SportsStore\dist\out-tsc\app\auth\authentication.service.js
C:\Users\Naqiya\Desktop\SportsStore   Final Submit\SportsStore (1)\SportsStore\dist\out-tsc\app\auth\authentication.service.js.map
C:\Users\Naqiya\Desktop\SportsStore   Final Submit\SportsStore (1)\SportsStore\dist\out-tsc\app\store\productSelection.component.js
C:\Users\Naqiya\Desktop\SportsStore   Final Submit\SportsStore (1)\SportsStore\dist\out-tsc\app\store\productSelection.component.js.map
C:\Users\Naqiya\Desktop\SportsStore   Final Submit\SportsStore (1)\SportsStore\dist\out-tsc\app\store\cartDetail.component.js
C:\Users\Naqiya\Desktop\SportsStore   Final Submit\SportsStore (1)\SportsStore\dist\out-tsc\app\store\cartDetail.component.js.map
C:\Users\Naqiya\Desktop\SportsStore   Final Submit\SportsStore (1)\SportsStore\dist\out-tsc\app\store\checkout\checkoutDetails.component.js
C:\Users\Naqiya\Desktop\SportsStore   Final Submit\SportsStore (1)\SportsStore\dist\out-tsc\app\store\checkout\checkoutDetails.component.js.map
C:\Users\Naqiya\Desktop\SportsStore   Final Submit\SportsStore (1)\SportsStore\dist\out-tsc\app\store\checkout\checkoutPayment.component.js
C:\Users\Naqiya\Desktop\SportsStore   Final Submit\SportsStore (1)\SportsStore\dist\out-tsc\app\store\checkout\checkoutPayment.component.js.map
C:\Users\Naqiya\Desktop\SportsStore   Final Submit\SportsStore (1)\SportsStore\dist\out-tsc\app\store\checkout\checkoutSummary.component.js
C:\Users\Naqiya\Desktop\SportsStore   Final Submit\SportsStore (1)\SportsStore\dist\out-tsc\app\store\checkout\checkoutSummary.component.js.map
C:\Users\Naqiya\Desktop\SportsStore   Final Submit\SportsStore (1)\SportsStore\dist\out-tsc\app\store\checkout\orderConfirmation.component.js
C:\Users\Naqiya\Desktop\SportsStore   Final Submit\SportsStore (1)\SportsStore\dist\out-tsc\app\store\checkout\orderConfirmation.component.js.map
C:\Users\Naqiya\Desktop\SportsStore   Final Submit\SportsStore (1)\SportsStore\dist\out-tsc\app\admin\admin.component.js
C:\Users\Naqiya\Desktop\SportsStore   Final Submit\SportsStore (1)\SportsStore\dist\out-tsc\app\admin\admin.component.js.map
C:\Users\Naqiya\Desktop\SportsStore   Final Submit\SportsStore (1)\SportsStore\dist\out-tsc\app\admin\overview.component.js
C:\Users\Naqiya\Desktop\SportsStore   Final Submit\SportsStore (1)\SportsStore\dist\out-tsc\app\admin\overview.component.js.map
C:\Users\Naqiya\Desktop\SportsStore   Final Submit\SportsStore (1)\SportsStore\dist\out-tsc\app\admin\productAdmin.component.js
C:\Users\Naqiya\Desktop\SportsStore   Final Submit\SportsStore (1)\SportsStore\dist\out-tsc\app\admin\productAdmin.component.js.map
C:\Users\Naqiya\Desktop\SportsStore   Final Submit\SportsStore (1)\SportsStore\dist\out-tsc\app\admin\orderAdmin.component.js
C:\Users\Naqiya\Desktop\SportsStore   Final Submit\SportsStore (1)\SportsStore\dist\out-tsc\app\admin\orderAdmin.component.js.map
C:\Users\Naqiya\Desktop\SportsStore   Final Submit\SportsStore (1)\SportsStore\dist\out-tsc\app\auth\authentication.guard.js
C:\Users\Naqiya\Desktop\SportsStore   Final Submit\SportsStore (1)\SportsStore\dist\out-tsc\app\auth\authentication.guard.js.map
C:\Users\Naqiya\Desktop\SportsStore   Final Submit\SportsStore (1)\SportsStore\dist\out-tsc\app\auth\authentication.component.js
C:\Users\Naqiya\Desktop\SportsStore   Final Submit\SportsStore (1)\SportsStore\dist\out-tsc\app\auth\authentication.component.js.map
C:\Users\Naqiya\Desktop\SportsStore   Final Submit\SportsStore (1)\SportsStore\dist\out-tsc\app\registration\registration.service.js
C:\Users\Naqiya\Desktop\SportsStore   Final Submit\SportsStore (1)\SportsStore\dist\out-tsc\app\registration\registration.service.js.map
C:\Users\Naqiya\Desktop\SportsStore   Final Submit\SportsStore (1)\SportsStore\dist\out-tsc\app\registration\registration.component.js
C:\Users\Naqiya\Desktop\SportsStore   Final Submit\SportsStore (1)\SportsStore\dist\out-tsc\app\registration\registration.component.js.map
C:\Users\Naqiya\Desktop\SportsStore   Final Submit\SportsStore (1)\SportsStore\dist\out-tsc\app\store\productDetail.component.js
C:\Users\Naqiya\Desktop\SportsStore   Final Submit\SportsStore (1)\SportsStore\dist\out-tsc\app\store\productDetail.component.js.map
C:\Users\Naqiya\Desktop\SportsStore   Final Submit\SportsStore (1)\SportsStore\dist\out-tsc\app\app.routing.js
C:\Users\Naqiya\Desktop\SportsStore   Final Submit\SportsStore (1)\SportsStore\dist\out-tsc\app\app.routing.js.map
C:\Users\Naqiya\Desktop\SportsStore   Final Submit\SportsStore (1)\SportsStore\dist\out-tsc\app\store\cartSummary.component.js
C:\Users\Naqiya\Desktop\SportsStore   Final Submit\SportsStore (1)\SportsStore\dist\out-tsc\app\store\cartSummary.component.js.map
C:\Users\Naqiya\Desktop\SportsStore   Final Submit\SportsStore (1)\SportsStore\dist\out-tsc\app\store\categoryFilter.component.js
C:\Users\Naqiya\Desktop\SportsStore   Final Submit\SportsStore (1)\SportsStore\dist\out-tsc\app\store\categoryFilter.component.js.map
C:\Users\Naqiya\Desktop\SportsStore   Final Submit\SportsStore (1)\SportsStore\dist\out-tsc\app\store\pagination.component.js
C:\Users\Naqiya\Desktop\SportsStore   Final Submit\SportsStore (1)\SportsStore\dist\out-tsc\app\store\pagination.component.js.map
C:\Users\Naqiya\Desktop\SportsStore   Final Submit\SportsStore (1)\SportsStore\dist\out-tsc\app\store\productList.component.js
C:\Users\Naqiya\Desktop\SportsStore   Final Submit\SportsStore (1)\SportsStore\dist\out-tsc\app\store\productList.component.js.map
C:\Users\Naqiya\Desktop\SportsStore   Final Submit\SportsStore (1)\SportsStore\dist\out-tsc\app\store\ratings.component.js
C:\Users\Naqiya\Desktop\SportsStore   Final Submit\SportsStore (1)\SportsStore\dist\out-tsc\app\store\ratings.component.js.map
C:\Users\Naqiya\Desktop\SportsStore   Final Submit\SportsStore (1)\SportsStore\dist\out-tsc\app\store\store.module.js
C:\Users\Naqiya\Desktop\SportsStore   Final Submit\SportsStore (1)\SportsStore\dist\out-tsc\app\store\store.module.js.map
C:\Users\Naqiya\Desktop\SportsStore   Final Submit\SportsStore (1)\SportsStore\dist\out-tsc\app\admin\productEditor.component.js
C:\Users\Naqiya\Desktop\SportsStore   Final Submit\SportsStore (1)\SportsStore\dist\out-tsc\app\admin\productEditor.component.js.map
C:\Users\Naqiya\Desktop\SportsStore   Final Submit\SportsStore (1)\SportsStore\dist\out-tsc\app\admin\admin.module.js
C:\Users\Naqiya\Desktop\SportsStore   Final Submit\SportsStore (1)\SportsStore\dist\out-tsc\app\admin\admin.module.js.map
C:\Users\Naqiya\Desktop\SportsStore   Final Submit\SportsStore (1)\SportsStore\dist\out-tsc\app\auth\auth.module.js
C:\Users\Naqiya\Desktop\SportsStore   Final Submit\SportsStore (1)\SportsStore\dist\out-tsc\app\auth\auth.module.js.map
C:\Users\Naqiya\Desktop\SportsStore   Final Submit\SportsStore (1)\SportsStore\dist\out-tsc\app\registration\registration.module.js
C:\Users\Naqiya\Desktop\SportsStore   Final Submit\SportsStore (1)\SportsStore\dist\out-tsc\app\registration\registration.module.js.map
C:\Users\Naqiya\Desktop\SportsStore   Final Submit\SportsStore (1)\SportsStore\dist\out-tsc\app\app.module.js
C:\Users\Naqiya\Desktop\SportsStore   Final Submit\SportsStore (1)\SportsStore\dist\out-tsc\app\app.module.js.map
C:\Users\Naqiya\Desktop\SportsStore   Final Submit\SportsStore (1)\SportsStore\dist\out-tsc\boot.js
C:\Users\Naqiya\Desktop\SportsStore   Final Submit\SportsStore (1)\SportsStore\dist\out-tsc\boot.js.map
C:\Users\Naqiya\Desktop\SportsStore   Final Submit\SportsStore (1)\SportsStore\dist\out-tsc\environments\environment.js
C:\Users\Naqiya\Desktop\SportsStore   Final Submit\SportsStore (1)\SportsStore\dist\out-tsc\environments\environment.js.map
C:\Users\Naqiya\Desktop\SportsStore   Final Submit\SportsStore (1)\SportsStore\dist\out-tsc\main.js
C:\Users\Naqiya\Desktop\SportsStore   Final Submit\SportsStore (1)\SportsStore\dist\out-tsc\main.js.map
C:\Users\Naqiya\Desktop\SportsStore   Final Submit\SportsStore (1)\SportsStore\dist\out-tsc\polyfills.js
C:\Users\Naqiya\Desktop\SportsStore   Final Submit\SportsStore (1)\SportsStore\dist\out-tsc\polyfills.js.map
C:\Users\Naqiya\Desktop\SportsStore   Final Submit\SportsStore (1)\SportsStore\dist\out-tsc\test.js
C:\Users\Naqiya\Desktop\SportsStore   Final Submit\SportsStore (1)\SportsStore\dist\out-tsc\test.js.map
C:\Users\Naqiya\Desktop\SportsStore   Final Submit\SportsStore (1)\SportsStore\dist\out-tsc\environments\environment.prod.js
C:\Users\Naqiya\Desktop\SportsStore   Final Submit\SportsStore (1)\SportsStore\dist\out-tsc\environments\environment.prod.js.map
C:\Users\Naqiya\Desktop\SportsStore   Final Submit\SportsStore (1)\SportsStore\dist\out-tsc\app\structure\categoryFilter.component.js
C:\Users\Naqiya\Desktop\SportsStore   Final Submit\SportsStore (1)\SportsStore\dist\out-tsc\app\structure\categoryFilter.component.js.map
C:\Users\Naqiya\Desktop\SportsStore   Final Submit\SportsStore (1)\SportsStore\dist\out-tsc\app\structure\productDetail.component.js
C:\Users\Naqiya\Desktop\SportsStore   Final Submit\SportsStore (1)\SportsStore\dist\out-tsc\app\structure\productDetail.component.js.map
C:\Users\Naqiya\Desktop\SportsStore   Final Submit\SportsStore (1)\SportsStore\dist\out-tsc\app\structure\productTable.component.js
C:\Users\Naqiya\Desktop\SportsStore   Final Submit\SportsStore (1)\SportsStore\dist\out-tsc\app\structure\productTable.component.js.map
